<?xml version="1.0" encoding="UTF-8"?>
<!-- Generated by org.testng.reporters.JUnitReportReporter -->
<testsuite hostname="DESKTOP-GLA0AO1" failures="0" tests="1" name="practice.SearchContactTest" time="14.900" errors="0" timestamp="2024-05-15T12:51:43 IST" skipped="0">
  <testcase classname="practice.SearchContactTest" name="searchContactTest" time="14.900"/>
</testsuite> <!-- practice.SearchContactTest -->
