<?xml version="1.0" encoding="UTF-8"?>
<!-- Generated by org.testng.reporters.JUnitReportReporter -->
<testsuite hostname="DESKTOP-GLA0AO1" failures="0" tests="6" name="practice.HomePageVerification" time="31.770" errors="0" timestamp="2024-05-15T12:23:40 IST" skipped="0">
  <testcase classname="practice.HomePageVerification" name="homePageHardAssertTest" time="0.036"/>
  <testcase classname="practice.HomePageVerification" name="verifyLogoHomePageTest" time="12.732"/>
  <testcase classname="practice.HomePageVerification" name="homePageTest" time="18.980"/>
  <testcase classname="practice.HomePageVerification" name="verifyLogoHomePageSoftAssertTest" time="0.006"/>
  <testcase classname="practice.HomePageVerification" name="verifyLogoHomePageHardAssertTest" time="0.004"/>
  <testcase classname="practice.HomePageVerification" name="homePageSoftAssertTest" time="0.012"/>
</testsuite> <!-- practice.HomePageVerification -->
