<?xml version="1.0" encoding="UTF-8"?>
<!-- Generated by org.testng.reporters.JUnitReportReporter -->
<testsuite hostname="DESKTOP-GLA0AO1" failures="0" tests="1" name="com.comcast.crm.orgtest.CreateOrganizationTest" time="30.081" errors="0" timestamp="2024-05-15T16:03:11 IST" skipped="0">
  <testcase classname="com.comcast.crm.orgtest.CreateOrganizationTest" name="createOrganizationTest" time="30.081"/>
  <system-out>
    <![CDATA[last name in header is verified==PASS
last name in mandatory text field is verified==PASS]]>
  </system-out>
</testsuite> <!-- com.comcast.crm.orgtest.CreateOrganizationTest -->
