<?xml version="1.0" encoding="UTF-8"?>
<!-- Generated by org.testng.reporters.JUnitReportReporter -->
<testsuite hostname="DESKTOP-GLA0AO1" failures="0" tests="1" name="com.comcast.crm.contacttest.CreateContactWithMandatoryField" time="36.684" errors="0" timestamp="2024-05-15T16:03:11 IST" skipped="0">
  <testcase classname="com.comcast.crm.contacttest.CreateContactWithMandatoryField" name="createContactTest" time="36.684">
    <system-out>
      <![CDATA[last name in header is verified==PASS
last name in mandatory text field is verified==PASS]]>
    </system-out>
  </testcase> <!-- createContactTest -->
  <system-out>
    <![CDATA[last name in header is verified==PASS
last name in mandatory text field is verified==PASS]]>
  </system-out>
</testsuite> <!-- com.comcast.crm.contacttest.CreateContactWithMandatoryField -->
