<?xml version="1.0" encoding="UTF-8"?>
<!-- Generated by org.testng.reporters.JUnitReportReporter -->
<testsuite hostname="DESKTOP-GLA0AO1" failures="0" tests="3" name="com.comcast.crm.contacttest.CreateContactWithMandatoryField" time="99.053" errors="0" timestamp="2024-05-20T18:17:56 IST" skipped="0">
  <testcase classname="com.comcast.crm.contacttest.CreateContactWithMandatoryField" name="createContactWithSupport" time="27.654"/>
  <system-out>
    <![CDATA[start date text field is verified==PASS
end date text field is verified==PASS]]>
  </system-out>
  <testcase classname="com.comcast.crm.contacttest.CreateContactWithMandatoryField" name="createContactWithOrgTest" time="45.148"/>
  <system-out>
    <![CDATA[last name text field is verified==PASS
organization name text field is verified==PASS]]>
  </system-out>
  <testcase classname="com.comcast.crm.contacttest.CreateContactWithMandatoryField" name="createContactTest" time="26.251"/>
  <system-out>
    <![CDATA[last name in header is verified==PASS
last name in mandatory text field is verified==PASS]]>
  </system-out>
</testsuite> <!-- com.comcast.crm.contacttest.CreateContactWithMandatoryField -->
