<?xml version="1.0" encoding="UTF-8"?>
<!-- Generated by org.testng.reporters.JUnitReportReporter -->
<testsuite hostname="DESKTOP-GLA0AO1" failures="0" tests="3" name="practice.GetProductInfoTest" time="163.622" errors="0" timestamp="2024-05-15T11:40:01 IST" skipped="0">
  <testcase classname="practice.GetProductInfoTest" name="getProductInfoTest" time="41.856">
    <system-out>
      <![CDATA[₹71,290]]>
    </system-out>
  </testcase> <!-- getProductInfoTest -->
  <testcase classname="practice.GetProductInfoTest" name="getProductInfoTest" time="75.516">
    <system-out>
      <![CDATA[₹52,900]]>
    </system-out>
  </testcase> <!-- getProductInfoTest -->
  <testcase classname="practice.GetProductInfoTest" name="getProductInfoTest" time="46.250">
    <system-out>
      <![CDATA[₹71,290]]>
    </system-out>
  </testcase> <!-- getProductInfoTest -->
  <system-out>
    <![CDATA[₹52,900
₹71,290
₹71,290]]>
  </system-out>
</testsuite> <!-- practice.GetProductInfoTest -->
