<?xml version="1.0" encoding="UTF-8"?>
<!-- Generated by org.testng.reporters.JUnitReportReporter -->
<testsuite hostname="DESKTOP-GLA0AO1" failures="0" tests="1" name="com.comcast.crm.contacttest.CreateContactWithMandatoryField" time="45.923" errors="0" timestamp="2024-05-18T01:25:38 IST" skipped="0">
  <testcase classname="com.comcast.crm.contacttest.CreateContactWithMandatoryField" name="createContactWithSupport" time="45.923"/>
  <system-out>
    <![CDATA[start date text field is verified==PASS
end date text field is verified==PASS]]>
  </system-out>
</testsuite> <!-- com.comcast.crm.contacttest.CreateContactWithMandatoryField -->
