<?xml version="1.0" encoding="UTF-8"?>
<!-- Generated by org.testng.reporters.JUnitReportReporter -->
<testsuite hostname="DESKTOP-GLA0AO1" failures="0" tests="1" name="practice.CreateContactConfigMethodTest" time="0.023" errors="0" timestamp="2024-05-15T11:30:55 IST" skipped="0">
  <testcase classname="practice.CreateContactConfigMethodTest" name="createContactTest" time="0.023"/>
</testsuite> <!-- practice.CreateContactConfigMethodTest -->
