<?xml version="1.0" encoding="UTF-8"?>
<!-- Generated by org.testng.reporters.JUnitReportReporter -->
<testsuite hostname="DESKTOP-GLA0AO1" failures="0" tests="1" name="practice.A" time="0.037" errors="0" timestamp="2024-07-22T14:09:25 IST" skipped="0">
  <testcase classname="practice.A" name="add" time="0.037"/>
</testsuite> <!-- practice.A -->
