<?xml version="1.0" encoding="UTF-8"?>
<!-- Generated by org.testng.reporters.JUnitReportReporter -->
<testsuite hostname="DESKTOP-GLA0AO1" failures="0" tests="3" name="com.comcast.crm.contacttest.CreateContactWithMandatoryField" time="138.896" errors="0" timestamp="2024-06-19T11:58:43 IST" skipped="0">
  <testcase classname="com.comcast.crm.contacttest.CreateContactWithMandatoryField" name="createContactWithOrgTest" time="40.536">
    <system-out>
      <![CDATA[last name text field is verified==PASS
organization name text field is verified==PASS]]>
    </system-out>
  </testcase> <!-- createContactWithOrgTest -->
  <testcase classname="com.comcast.crm.contacttest.CreateContactWithMandatoryField" name="createContactWithSupport" time="24.276">
    <system-out>
      <![CDATA[start date text field is verified==PASS
end date text field is verified==PASS]]>
    </system-out>
  </testcase> <!-- createContactWithSupport -->
  <testcase classname="com.comcast.crm.contacttest.CreateContactWithMandatoryField" name="createContactTest" time="74.084">
    <system-out>
      <![CDATA[last name in header is verified==PASS
last name in mandatory text field is verified==PASS]]>
    </system-out>
  </testcase> <!-- createContactTest -->
  <system-out>
    <![CDATA[====connect to Database, Report config====
==launch the browser==
==login to application==
last name in header is verified==PASS
last name in mandatory text field is verified==PASS
==logout of application==
==login to application==
last name text field is verified==PASS
organization name text field is verified==PASS
==logout of application==
==login to application==
start date text field is verified==PASS
end date text field is verified==PASS
==logout of application==
==close the browser==
====close Databse, Report backup====]]>
  </system-out>
</testsuite> <!-- com.comcast.crm.contacttest.CreateContactWithMandatoryField -->
