<?xml version="1.0" encoding="UTF-8"?>
<!-- Generated by org.testng.reporters.JUnitReportReporter -->
<testsuite hostname="DESKTOP-GLA0AO1" failures="0" tests="1" name="practice.SampleTestToTakeScreenshot" time="8.824" errors="0" timestamp="2024-05-15T12:24:09 IST" skipped="0">
  <testcase classname="practice.SampleTestToTakeScreenshot" name="amazonTakeScreenshotTest" time="8.824"/>
</testsuite> <!-- practice.SampleTestToTakeScreenshot -->
